
> zeyad-portfolio@0.1.0 build
> next build

Attention: Next.js now collects completely anonymous telemetry regarding usage.
This information is used to shape Next.js' roadmap and prioritize features.
You can learn more, including how to opt-out if you'd not like to participate in this anonymous program, by visiting the following URL:
https://nextjs.org/telemetry

  ▲ Next.js 14.2.35

   Creating an optimized production build ...
 ⚠ Compiled with warnings

./src/components/Hero.tsx
Attempted import error: 'Github' is not exported from '__barrel_optimize__?names=ArrowDown,Cpu,Database,Github,Linkedin,Mail,Server!=!lucide-react' (imported as 'Github').

Import trace for requested module:
./src/components/Hero.tsx

./src/components/Hero.tsx
Attempted import error: 'Linkedin' is not exported from '__barrel_optimize__?names=ArrowDown,Cpu,Database,Github,Linkedin,Mail,Server!=!lucide-react' (imported as 'Linkedin').

Import trace for requested module:
./src/components/Hero.tsx

 ⚠ Compiled with warnings

./src/components/Hero.tsx
Attempted import error: 'Github' is not exported from '__barrel_optimize__?names=ArrowDown,Cpu,Database,Github,Linkedin,Mail,Server!=!lucide-react' (imported as 'Github').

Import trace for requested module:
./src/components/Hero.tsx

./src/components/Hero.tsx
Attempted import error: 'Linkedin' is not exported from '__barrel_optimize__?names=ArrowDown,Cpu,Database,Github,Linkedin,Mail,Server!=!lucide-react' (imported as 'Linkedin').

Import trace for requested module:
./src/components/Hero.tsx

 ✓ Compiled successfully
   Linting and checking validity of types ...
Failed to compile.

./src/components/Hero.tsx:108:21
Type error: Type '{ hidden: { y: number; opacity: number; }; visible: { y: number; opacity: number; transition: { type: string; damping: number; stiffness: number; }; }; }' is not assignable to type 'Variants'.
  Property 'visible' is incompatible with index signature.
    Type '{ y: number; opacity: number; transition: { type: string; damping: number; stiffness: number; }; }' is not assignable to type 'Variant'.
      Type '{ y: number; opacity: number; transition: { type: string; damping: number; stiffness: number; }; }' is not assignable to type 'TargetAndTransition'.
        Type '{ y: number; opacity: number; transition: { type: string; damping: number; stiffness: number; }; }' is not assignable to type '{ transition?: Transition<any> | undefined; transitionEnd?: ResolvedValues$1 | undefined; }'.
          Types of property 'transition' are incompatible.
            Type '{ type: string; damping: number; stiffness: number; }' is not assignable to type 'Transition<any> | undefined'.
              Type '{ type: string; damping: number; stiffness: number; }' is not assignable to type 'TransitionWithValueOverrides<any>'.
                Type '{ type: string; damping: number; stiffness: number; }' is not assignable to type 'ValueAnimationTransition<any>'.
                  Types of property 'type' are incompatible.
                    Type 'string' is not assignable to type 'AnimationGeneratorType | undefined'.

  106 |                   <motion.span
  107 |                     key={`letter-${letterIdx}`}
> 108 |                     variants={letterVariants}
      |                     ^
  109 |                     className="inline-block"
  110 |                   >
  111 |                     {letter}
Next.js build worker exited with code: 1 and signal: null
