
> zeyad-portfolio@0.1.0 build
> next build

  ▲ Next.js 14.2.35

   Creating an optimized production build ...
 ✓ Compiled successfully
   Linting and checking validity of types ...
   Collecting page data ...
   Generating static pages (0/5) ...
   Generating static pages (1/5) 
   Generating static pages (2/5) 
   Generating static pages (3/5) 
 ✓ Generating static pages (5/5)
   Finalizing page optimization ...
   Collecting build traces ...

Route (app)                              Size     First Load JS
┌ ○ /                                    21.5 kB         152 kB
└ ○ /_not-found                          873 B          88.3 kB
+ First Load JS shared by all            87.4 kB
  ├ chunks/117-b6dfe3162c13ec37.js       31.7 kB
  ├ chunks/fd9d1056-8ef33f5ef9456d1f.js  53.6 kB
  └ other shared chunks (total)          2.08 kB


○  (Static)  prerendered as static content

