warning: externally-managed-environment

This environment is externally managed

To install Python packages system-wide, try 'pacman -S
$MINGW_PACKAGE_PREFIX-python-xyz', where xyz is the package you
are trying to install.

If you wish to install a non-MSYS2-packaged Python package,
create a virtual environment using 'python -m venv path/to/venv'.
Then use path/to/venv/bin/python and path/to/venv/bin/pip.

If you wish to install a non-MSYS2 packaged Python application,
it may be easiest to use 'pipx install xyz', which will manage a
virtual environment for you. Make sure you have $MINGW_PACKAGE_PREFIX-python-pipx
installed via pacman.

note: If you believe this is a mistake, please contact your Python installation or OS distribution provider. You can override this, at the risk of breaking your Python installation or OS, by passing --break-system-packages.
hint: See PEP 668 for the detailed specification.
Collecting pypdf
  Downloading pypdf-6.14.2-py3-none-any.whl.metadata (7.2 kB)
Downloading pypdf-6.14.2-py3-none-any.whl (349 kB)
Installing collected packages: pypdf
Successfully installed pypdf-6.14.2
warning: externally-managed-environment

This environment is externally managed

To install Python packages system-wide, try 'pacman -S
$MINGW_PACKAGE_PREFIX-python-xyz', where xyz is the package you
are trying to install.

If you wish to install a non-MSYS2-packaged Python package,
create a virtual environment using 'python -m venv path/to/venv'.
Then use path/to/venv/bin/python and path/to/venv/bin/pip.

If you wish to install a non-MSYS2 packaged Python application,
it may be easiest to use 'pipx install xyz', which will manage a
virtual environment for you. Make sure you have $MINGW_PACKAGE_PREFIX-python-pipx
installed via pacman.

note: If you believe this is a mistake, please contact your Python installation or OS distribution provider. You can override this, at the risk of breaking your Python installation or OS, by passing --break-system-packages.
hint: See PEP 668 for the detailed specification.
